# JRE version: OpenJDK Runtime Environment (11.0.7+10) (build 11.0.7+10)
# Java VM: OpenJDK 64-Bit Server VM (11.0.7+10, mixed mode, tiered, compressed oops, parallel gc, linux-amd64)
Heap:
 PSYoungGen      total 16384K, used 2794K [0x00000000eab00000, 0x00000000ebc00000, 0x0000000100000000)
  eden space 15360K, 16% used [0x00000000eab00000,0x00000000ead72a88,0x00000000eba00000)
  from space 1024K, 28% used [0x00000000eba00000,0x00000000eba48000,0x00000000ebb00000)
  to   space 512K, 0% used [0x00000000ebb80000,0x00000000ebb80000,0x00000000ebc00000)
 ParOldGen       total 141312K, used 114390K [0x00000000c0000000, 0x00000000c8a00000, 0x00000000eab00000)
  object space 141312K, 80% used [0x00000000c0000000,0x00000000c6fb5900,0x00000000c8a00000)
 Metaspace       used 89021K, capacity 92211K, committed 92968K, reserved 1132544K
  class space    used 9237K, capacity 10464K, committed 10616K, reserved 1048576K
GC Heap History (20 events):
Event: 5270.401 GC heap before
{Heap before GC invocations=586 (full 18):
 PSYoungGen      total 16384K, used 16371K [0x00000000eab00000, 0x00000000ebe00000, 0x0000000100000000)
  eden space 15360K, 100% used [0x00000000eab00000,0x00000000eba00000,0x00000000eba00000)
  from space 1024K, 98% used [0x00000000eba80000,0x00000000ebb7ce08,0x00000000ebb80000)
  to   space 2048K, 0% used [0x00000000ebc00000,0x00000000ebc00000,0x00000000ebe00000)
 ParOldGen       total 141312K, used 112672K [0x00000000c0000000, 0x00000000c8a00000, 0x00000000eab00000)
  object space 141312K, 79% used [0x00000000c0000000,0x00000000c6e08088,0x00000000c8a00000)
 Metaspace       used 88662K, capacity 91910K, committed 92712K, reserved 1132544K
  class space    used 9196K, capacity 10452K, committed 10616K, reserved 1048576K
}
Event: 5270.403 GC heap after
{Heap after GC invocations=586 (full 18):
 PSYoungGen      total 16896K, used 1136K [0x00000000eab00000, 0x00000000ebd80000, 0x0000000100000000)
  eden space 15360K, 0% used [0x00000000eab00000,0x00000000eab00000,0x00000000eba00000)
  from space 1536K, 73% used [0x00000000ebc00000,0x00000000ebd1c010,0x00000000ebd80000)
  to   space 1536K, 0% used [0x00000000eba80000,0x00000000eba80000,0x00000000ebc00000)
 ParOldGen       total 141312K, used 112781K [0x00000000c0000000, 0x00000000c8a00000, 0x00000000eab00000)
  object space 141312K, 79% used [0x00000000c0000000,0x00000000c6e23508,0x00000000c8a00000)
 Metaspace       used 88662K, capacity 91910K, committed 92712K, reserved 1132544K
  class space    used 9196K, capacity 10452K, committed 10616K, reserved 1048576K
}
Event: 5270.429 GC heap before
{Heap before GC invocations=587 (full 18):
 PSYoungGen      total 16896K, used 16496K [0x00000000eab00000, 0x00000000ebd80000, 0x0000000100000000)
  eden space 15360K, 100% used [0x00000000eab00000,0x00000000eba00000,0x00000000eba00000)
  from space 1536K, 73% used [0x00000000ebc00000,0x00000000ebd1c010,0x00000000ebd80000)
  to   space 1536K, 0% used [0x00000000eba80000,0x00000000eba80000,0x00000000ebc00000)
 ParOldGen       total 141312K, used 112781K [0x00000000c0000000, 0x00000000c8a00000, 0x00000000eab00000)
  object space 141312K, 79% used [0x00000000c0000000,0x00000000c6e23508,0x00000000c8a00000)
 Metaspace       used 88662K, capacity 91910K, committed 92712K, reserved 1132544K
  class space    used 9196K, capacity 10452K, committed 10616K, reserved 1048576K
}
Event: 5270.431 GC heap after
{Heap after GC invocations=587 (full 18):
 PSYoungGen      total 16896K, used 1104K [0x00000000eab00000, 0x00000000ebd00000, 0x0000000100000000)
  eden space 15360K, 0% used [0x00000000eab00000,0x00000000eab00000,0x00000000eba00000)
  from space 1536K, 71% used [0x00000000eba80000,0x00000000ebb94010,0x00000000ebc00000)
  to   space 1024K, 0% used [0x00000000ebc00000,0x00000000ebc00000,0x00000000ebd00000)
 ParOldGen       total 141312K, used 112781K [0x00000000c0000000, 0x00000000c8a00000, 0x00000000eab00000)
  object space 141312K, 79% used [0x00000000c0000000,0x00000000c6e23508,0x00000000c8a00000)
 Metaspace       used 88662K, capacity 91910K, committed 92712K, reserved 1132544K
  class space    used 9196K, capacity 10452K, committed 10616K, reserved 1048576K
}
Event: 5270.826 GC heap before
{Heap before GC invocations=588 (full 18):
 PSYoungGen      total 16896K, used 16464K [0x00000000eab00000, 0x00000000ebd00000, 0x0000000100000000)
  eden space 15360K, 100% used [0x00000000eab00000,0x00000000eba00000,0x00000000eba00000)
  from space 1536K, 71% used [0x00000000eba80000,0x00000000ebb94010,0x00000000ebc00000)
  to   space 1024K, 0% used [0x00000000ebc00000,0x00000000ebc00000,0x00000000ebd00000)
 ParOldGen       total 141312K, used 112781K [0x00000000c0000000, 0x00000000c8a00000, 0x00000000eab00000)
  object space 141312K, 79% used [0x00000000c0000000,0x00000000c6e23508,0x00000000c8a00000)
 Metaspace       used 88666K, capacity 91910K, committed 92712K, reserved 1132544K
  class space    used 9196K, capacity 10452K, committed 10616K, reserved 1048576K
}
Event: 5270.828 GC heap after
{Heap after GC invocations=588 (full 18):
 PSYoungGen      total 16384K, used 576K [0x00000000eab00000, 0x00000000ebd00000, 0x0000000100000000)
  eden space 15360K, 0% used [0x00000000eab00000,0x00000000eab00000,0x00000000eba00000)
  from space 1024K, 56% used [0x00000000ebc00000,0x00000000ebc90000,0x00000000ebd00000)
  to   space 1024K, 0% used [0x00000000ebb00000,0x00000000ebb00000,0x00000000ebc00000)
 ParOldGen       total 141312K, used 113227K [0x00000000c0000000, 0x00000000c8a00000, 0x00000000eab00000)
  object space 141312K, 80% used [0x00000000c0000000,0x00000000c6e92ee0,0x00000000c8a00000)
 Metaspace       used 88666K, capacity 91910K, committed 92712K, reserved 1132544K
  class space    used 9196K, capacity 10452K, committed 10616K, reserved 1048576K
}
Event: 5343.187 GC heap before
{Heap before GC invocations=589 (full 18):
 PSYoungGen      total 16384K, used 15936K [0x00000000eab00000, 0x00000000ebd00000, 0x0000000100000000)
  eden space 15360K, 100% used [0x00000000eab00000,0x00000000eba00000,0x00000000eba00000)
  from space 1024K, 56% used [0x00000000ebc00000,0x00000000ebc90000,0x00000000ebd00000)
  to   space 1024K, 0% used [0x00000000ebb00000,0x00000000ebb00000,0x00000000ebc00000)
 ParOldGen       total 141312K, used 113227K [0x00000000c0000000, 0x00000000c8a00000, 0x00000000eab00000)
  object space 141312K, 80% used [0x00000000c0000000,0x00000000c6e92ee0,0x00000000c8a00000)
 Metaspace       used 88668K, capacity 91910K, committed 92712K, reserved 1132544K
  class space    used 9196K, capacity 10452K, committed 10616K, reserved 1048576K
}
Event: 5343.204 GC heap after
{Heap after GC invocations=589 (full 18):
 PSYoungGen      total 16384K, used 786K [0x00000000eab00000, 0x00000000ebc80000, 0x0000000100000000)
  eden space 15360K, 0% used [0x00000000eab00000,0x00000000eab00000,0x00000000eba00000)
  from space 1024K, 76% used [0x00000000ebb00000,0x00000000ebbc4b18,0x00000000ebc00000)
  to   space 512K, 0% used [0x00000000ebc00000,0x00000000ebc00000,0x00000000ebc80000)
 ParOldGen       total 141312K, used 113227K [0x00000000c0000000, 0x00000000c8a00000, 0x00000000eab00000)
  object space 141312K, 80% used [0x00000000c0000000,0x00000000c6e92ee0,0x00000000c8a00000)
 Metaspace       used 88668K, capacity 91910K, committed 92712K, reserved 1132544K
  class space    used 9196K, capacity 10452K, committed 10616K, reserved 1048576K
}
Event: 5343.265 GC heap before
{Heap before GC invocations=590 (full 18):
 PSYoungGen      total 16384K, used 16146K [0x00000000eab00000, 0x00000000ebc80000, 0x0000000100000000)
  eden space 15360K, 100% used [0x00000000eab00000,0x00000000eba00000,0x00000000eba00000)
  from space 1024K, 76% used [0x00000000ebb00000,0x00000000ebbc4b18,0x00000000ebc00000)
  to   space 512K, 0% used [0x00000000ebc00000,0x00000000ebc00000,0x00000000ebc80000)
 ParOldGen       total 141312K, used 113227K [0x00000000c0000000, 0x00000000c8a00000, 0x00000000eab00000)
  object space 141312K, 80% used [0x00000000c0000000,0x00000000c6e92ee0,0x00000000c8a00000)
 Metaspace       used 88675K, capacity 91910K, committed 92712K, reserved 1132544K
  class space    used 9196K, capacity 10452K, committed 10616K, reserved 1048576K
}
Event: 5343.268 GC heap after
{Heap after GC invocations=590 (full 18):
 PSYoungGen      total 15872K, used 512K [0x00000000eab00000, 0x00000000ebc80000, 0x0000000100000000)
  eden space 15360K, 0% used [0x00000000eab00000,0x00000000eab00000,0x00000000eba00000)
  from space 512K, 100% used [0x00000000ebc00000,0x00000000ebc80000,0x00000000ebc80000)
  to   space 1024K, 0% used [0x00000000eba80000,0x00000000eba80000,0x00000000ebb80000)
 ParOldGen       total 141312K, used 113435K [0x00000000c0000000, 0x00000000c8a00000, 0x00000000eab00000)
  object space 141312K, 80% used [0x00000000c0000000,0x00000000c6ec6f00,0x00000000c8a00000)
 Metaspace       used 88675K, capacity 91910K, committed 92712K, reserved 1132544K
  class space    used 9196K, capacity 10452K, committed 10616K, reserved 1048576K
}
Event: 5343.374 GC heap before
{Heap before GC invocations=591 (full 18):
 PSYoungGen      total 15872K, used 15872K [0x00000000eab00000, 0x00000000ebc80000, 0x0000000100000000)
  eden space 15360K, 100% used [0x00000000eab00000,0x00000000eba00000,0x00000000eba00000)
  from space 512K, 100% used [0x00000000ebc00000,0x00000000ebc80000,0x00000000ebc80000)
  to   space 1024K, 0% used [0x00000000eba80000,0x00000000eba80000,0x00000000ebb80000)
 ParOldGen       total 141312K, used 113435K [0x00000000c0000000, 0x00000000c8a00000, 0x00000000eab00000)
  object space 141312K, 80% used [0x00000000c0000000,0x00000000c6ec6f00,0x00000000c8a00000)
 Metaspace       used 88680K, capacity 91974K, committed 92712K, reserved 1132544K
  class space    used 9196K, capacity 10452K, committed 10616K, reserved 1048576K
}
Event: 5343.380 GC heap after
{Heap after GC invocations=591 (full 18):
 PSYoungGen      total 16384K, used 1010K [0x00000000eab00000, 0x00000000ebd00000, 0x0000000100000000)
  eden space 15360K, 0% used [0x00000000eab00000,0x00000000eab00000,0x00000000eba00000)
  from space 1024K, 98% used [0x00000000eba80000,0x00000000ebb7cb18,0x00000000ebb80000)
  to   space 1536K, 0% used [0x00000000ebb80000,0x00000000ebb80000,0x00000000ebd00000)
 ParOldGen       total 141312K, used 113491K [0x00000000c0000000, 0x00000000c8a00000, 0x00000000eab00000)
  object space 141312K, 80% used [0x00000000c0000000,0x00000000c6ed4f00,0x00000000c8a00000)
 Metaspace       used 88680K, capacity 91974K, committed 92712K, reserved 1132544K
  class space    used 9196K, capacity 10452K, committed 10616K, reserved 1048576K
}
Event: 5343.456 GC heap before
{Heap before GC invocations=592 (full 18):
 PSYoungGen      total 16384K, used 16370K [0x00000000eab00000, 0x00000000ebd00000, 0x0000000100000000)
  eden space 15360K, 100% used [0x00000000eab00000,0x00000000eba00000,0x00000000eba00000)
  from space 1024K, 98% used [0x00000000eba80000,0x00000000ebb7cb18,0x00000000ebb80000)
  to   space 1536K, 0% used [0x00000000ebb80000,0x00000000ebb80000,0x00000000ebd00000)
 ParOldGen       total 141312K, used 113491K [0x00000000c0000000, 0x00000000c8a00000, 0x00000000eab00000)
  object space 141312K, 80% used [0x00000000c0000000,0x00000000c6ed4f00,0x00000000c8a00000)
 Metaspace       used 88680K, capacity 91974K, committed 92712K, reserved 1132544K
  class space    used 9196K, capacity 10452K, committed 10616K, reserved 1048576K
}
Event: 5343.461 GC heap after
{Heap after GC invocations=592 (full 18):
 PSYoungGen      total 16896K, used 1104K [0x00000000eab00000, 0x00000000ebd00000, 0x0000000100000000)
  eden space 15360K, 0% used [0x00000000eab00000,0x00000000eab00000,0x00000000eba00000)
  from space 1536K, 71% used [0x00000000ebb80000,0x00000000ebc94010,0x00000000ebd00000)
  to   space 1536K, 0% used [0x00000000eba00000,0x00000000eba00000,0x00000000ebb80000)
 ParOldGen       total 141312K, used 113946K [0x00000000c0000000, 0x00000000c8a00000, 0x00000000eab00000)
  object space 141312K, 80% used [0x00000000c0000000,0x00000000c6f46860,0x00000000c8a00000)
 Metaspace       used 88680K, capacity 91974K, committed 92712K, reserved 1132544K
  class space    used 9196K, capacity 10452K, committed 10616K, reserved 1048576K
}
Event: 5343.500 GC heap before
{Heap before GC invocations=593 (full 18):
 PSYoungGen      total 16896K, used 16464K [0x00000000eab00000, 0x00000000ebd00000, 0x0000000100000000)
  eden space 15360K, 100% used [0x00000000eab00000,0x00000000eba00000,0x00000000eba00000)
  from space 1536K, 71% used [0x00000000ebb80000,0x00000000ebc94010,0x00000000ebd00000)
  to   space 1536K, 0% used [0x00000000eba00000,0x00000000eba00000,0x00000000ebb80000)
 ParOldGen       total 141312K, used 113946K [0x00000000c0000000, 0x00000000c8a00000, 0x00000000eab00000)
  object space 141312K, 80% used [0x00000000c0000000,0x00000000c6f46860,0x00000000c8a00000)
 Metaspace       used 88682K, capacity 91974K, committed 92712K, reserved 1132544K
  class space    used 9196K, capacity 10452K, committed 10616K, reserved 1048576K
}
Event: 5343.503 GC heap after
{Heap after GC invocations=593 (full 18):
 PSYoungGen      total 16896K, used 1040K [0x00000000eab00000, 0x00000000ebd00000, 0x0000000100000000)
  eden space 15360K, 0% used [0x00000000eab00000,0x00000000eab00000,0x00000000eba00000)
  from space 1536K, 67% used [0x00000000eba00000,0x00000000ebb04010,0x00000000ebb80000)
  to   space 1536K, 0% used [0x00000000ebb80000,0x00000000ebb80000,0x00000000ebd00000)
 ParOldGen       total 141312K, used 113946K [0x00000000c0000000, 0x00000000c8a00000, 0x00000000eab00000)
  object space 141312K, 80% used [0x00000000c0000000,0x00000000c6f46860,0x00000000c8a00000)
 Metaspace       used 88682K, capacity 91974K, committed 92712K, reserved 1132544K
  class space    used 9196K, capacity 10452K, committed 10616K, reserved 1048576K
}
Event: 5560.373 GC heap before
{Heap before GC invocations=594 (full 18):
 PSYoungGen      total 16896K, used 16399K [0x00000000eab00000, 0x00000000ebd00000, 0x0000000100000000)
  eden space 15360K, 99% used [0x00000000eab00000,0x00000000eb9fffe8,0x00000000eba00000)
  from space 1536K, 67% used [0x00000000eba00000,0x00000000ebb04010,0x00000000ebb80000)
  to   space 1536K, 0% used [0x00000000ebb80000,0x00000000ebb80000,0x00000000ebd00000)
 ParOldGen       total 141312K, used 113946K [0x00000000c0000000, 0x00000000c8a00000, 0x00000000eab00000)
  object space 141312K, 80% used [0x00000000c0000000,0x00000000c6f46860,0x00000000c8a00000)
 Metaspace       used 88705K, capacity 91998K, committed 92712K, reserved 1132544K
  class space    used 9198K, capacity 10456K, committed 10616K, reserved 1048576K
}
Event: 5560.376 GC heap after
{Heap after GC invocations=594 (full 18):
 PSYoungGen      total 15872K, used 288K [0x00000000eab00000, 0x00000000ebc00000, 0x0000000100000000)
  eden space 15360K, 0% used [0x00000000eab00000,0x00000000eab00000,0x00000000eba00000)
  from space 512K, 56% used [0x00000000ebb80000,0x00000000ebbc8000,0x00000000ebc00000)
  to   space 1024K, 0% used [0x00000000eba00000,0x00000000eba00000,0x00000000ebb00000)
 ParOldGen       total 141312K, used 114382K [0x00000000c0000000, 0x00000000c8a00000, 0x00000000eab00000)
  object space 141312K, 80% used [0x00000000c0000000,0x00000000c6fb3900,0x00000000c8a00000)
 Metaspace       used 88705K, capacity 91998K, committed 92712K, reserved 1132544K
  class space    used 9198K, capacity 10456K, committed 10616K, reserved 1048576K
}
Event: 9505.102 GC heap before
{Heap before GC invocations=595 (full 18):
 PSYoungGen      total 15872K, used 15641K [0x00000000eab00000, 0x00000000ebc00000, 0x0000000100000000)
  eden space 15360K, 99% used [0x00000000eab00000,0x00000000eb9fe690,0x00000000eba00000)
  from space 512K, 56% used [0x00000000ebb80000,0x00000000ebbc8000,0x00000000ebc00000)
  to   space 1024K, 0% used [0x00000000eba00000,0x00000000eba00000,0x00000000ebb00000)
 ParOldGen       total 141312K, used 114382K [0x00000000c0000000, 0x00000000c8a00000, 0x00000000eab00000)
  object space 141312K, 80% used [0x00000000c0000000,0x00000000c6fb3900,0x00000000c8a00000)
 Metaspace       used 88872K, capacity 92145K, committed 92968K, reserved 1132544K
  class space    used 9219K, capacity 10463K, committed 10616K, reserved 1048576K
}
Event: 9505.193 GC heap after
{Heap after GC invocations=595 (full 18):
 PSYoungGen      total 16384K, used 288K [0x00000000eab00000, 0x00000000ebc00000, 0x0000000100000000)
  eden space 15360K, 0% used [0x00000000eab00000,0x00000000eab00000,0x00000000eba00000)
  from space 1024K, 28% used [0x00000000eba00000,0x00000000eba48000,0x00000000ebb00000)
  to   space 512K, 0% used [0x00000000ebb80000,0x00000000ebb80000,0x00000000ebc00000)
 ParOldGen       total 141312K, used 114390K [0x00000000c0000000, 0x00000000c8a00000, 0x00000000eab00000)
  object space 141312K, 80% used [0x00000000c0000000,0x00000000c6fb5900,0x00000000c8a00000)
 Metaspace       used 88872K, capacity 92145K, committed 92968K, reserved 1132544K
  class space    used 9219K, capacity 10463K, committed 10616K, reserved 1048576K
}

